Base path: C:/Program Files (x86)/Unity/Editor/Data
Pipe name: \\.\pipe\UnityShaderCompiler-2-4932
Cmd: getPlatforms
Cmd: compileSnippet
  api=0 type=0 insize=10220 outsize=6263 kw=WATER_VERTEX_DISPLACEMENT_ON WATER_EDGEBLEND_ON WATER_SIMPLE ok=1
Cmd: compileSnippet
  api=1 type=0 insize=10220 outsize=2620 kw=WATER_VERTEX_DISPLACEMENT_ON WATER_SIMPLE WATER_EDGEBLEND_OFF ok=1
Cmd: compileSnippet
  api=0 type=0 insize=10220 outsize=4140 kw=WATER_EDGEBLEND_ON WATER_REFLECTIVE WATER_VERTEX_DISPLACEMENT_OFF ok=1
Cmd: compileSnippet
  api=1 type=1 insize=10220 outsize=1728 kw=WATER_VERTEX_DISPLACEMENT_ON WATER_EDGEBLEND_ON WATER_SIMPLE ok=1
Cmd: compileSnippet
  api=1 type=1 insize=10220 outsize=1505 kw=WATER_VERTEX_DISPLACEMENT_ON WATER_REFLECTIVE WATER_EDGEBLEND_OFF ok=1
Cmd: compileSnippet
  api=4 type=1 insize=10220 outsize=4337 kw=WATER_VERTEX_DISPLACEMENT_ON WATER_SIMPLE WATER_EDGEBLEND_OFF ok=1
Cmd: compileSnippet
  api=1 type=1 insize=10220 outsize=1505 kw=WATER_REFLECTIVE WATER_EDGEBLEND_OFF WATER_VERTEX_DISPLACEMENT_OFF ok=1
Cmd: compileSnippet
  api=1 type=1 insize=10220 outsize=1414 kw=WATER_SIMPLE WATER_EDGEBLEND_OFF WATER_VERTEX_DISPLACEMENT_OFF ok=1
Cmd: compileSnippet
  api=1 type=0 insize=10224 outsize=2463 kw=WATER_VERTEX_DISPLACEMENT_ON WATER_EDGEBLEND_ON WATER_REFLECTIVE ok=1
Cmd: compileSnippet
  api=0 type=0 insize=10224 outsize=4592 kw=WATER_VERTEX_DISPLACEMENT_ON WATER_SIMPLE WATER_EDGEBLEND_OFF ok=1
Cmd: compileSnippet
  api=1 type=0 insize=10224 outsize=484 kw=WATER_EDGEBLEND_ON WATER_REFLECTIVE WATER_VERTEX_DISPLACEMENT_OFF ok=1
Cmd: compileSnippet
  api=0 type=0 insize=10224 outsize=2619 kw=WATER_EDGEBLEND_ON WATER_SIMPLE WATER_VERTEX_DISPLACEMENT_OFF ok=1
Cmd: compileSnippet
  api=0 type=0 insize=10224 outsize=2322 kw=WATER_SIMPLE WATER_EDGEBLEND_OFF WATER_VERTEX_DISPLACEMENT_OFF ok=1
Cmd: compileSnippet
  api=0 type=1 insize=10224 outsize=6 kw=WATER_VERTEX_DISPLACEMENT_ON WATER_EDGEBLEND_ON WATER_SIMPLE ok=1
Cmd: compileSnippet
  api=0 type=1 insize=10224 outsize=6 kw=WATER_VERTEX_DISPLACEMENT_ON WATER_REFLECTIVE WATER_EDGEBLEND_OFF ok=1
Cmd: compileSnippet
  api=1 type=1 insize=10224 outsize=1184 kw=WATER_VERTEX_DISPLACEMENT_ON WATER_REFLECTIVE WATER_EDGEBLEND_OFF ok=1
Cmd: compileSnippet
  api=0 type=1 insize=10224 outsize=6 kw=WATER_EDGEBLEND_ON WATER_SIMPLE WATER_VERTEX_DISPLACEMENT_OFF ok=1
Cmd: compileSnippet
  api=1 type=1 insize=10224 outsize=1166 kw=WATER_EDGEBLEND_ON WATER_SIMPLE WATER_VERTEX_DISPLACEMENT_OFF ok=1
Cmd: compileSnippet
  api=4 type=1 insize=10224 outsize=3907 kw=WATER_EDGEBLEND_ON WATER_SIMPLE WATER_VERTEX_DISPLACEMENT_OFF ok=1
Cmd: compileSnippet
  api=8 type=1 insize=9966 outsize=4583 kw= ok=1
Unhandled exception: Readfile from pipe failed. GLE=Ha terminado la canalización.


Quitting shader compiler process
